<?xml version="1.0" encoding="UTF-8"?>
<!-- Generated by org.testng.reporters.JUnitReportReporter -->
<testsuite hostname="DESKTOP-LSBCFFJ" failures="0" tests="2" name="oto.DashboardTest" time="14.825" errors="0" timestamp="2021-08-16T18:08:49 IST" skipped="0">
  <testcase classname="oto.DashboardTest" name="verifyLoanClick" time="9.237"/>
  <system-out/>
  <testcase classname="oto.DashboardTest" name="verifySubmitApplicationclick" time="5.588"/>
  <system-out/>
</testsuite> <!-- oto.DashboardTest -->
