<?xml version="1.0" encoding="UTF-8"?>
<!-- Generated by org.testng.reporters.JUnitReportReporter -->
<testsuite hostname="DESKTOP-LSBCFFJ" failures="0" tests="4" name="oto.MAFTest" time="163.592" errors="0" timestamp="2021-08-14T20:50:44 IST" skipped="0">
  <testcase classname="oto.MAFTest" name="verifyFirstStockClick" time="0.354"/>
  <system-out/>
  <testcase classname="oto.MAFTest" name="verifyCNAFClick" time="10.345"/>
  <system-out/>
  <testcase classname="oto.MAFTest" name="addMAFFormBasicDetails" time="79.827"/>
  <system-out/>
  <testcase classname="oto.MAFTest" name="addMAFCustDetails" time="73.066"/>
  <system-out/>
</testsuite> <!-- oto.MAFTest -->
